Determining if the pthread_create exist failed with the following output:
Change Dir: /home/carson/autopilot_ws/build/libmavconn/CMakeFiles/CMakeTmp

Run Build Command:/usr/bin/make "cmTryCompileExec2718523337/fast"
/usr/bin/make -f CMakeFiles/cmTryCompileExec2718523337.dir/build.make CMakeFiles/cmTryCompileExec2718523337.dir/build
make[1]: Entering directory `/home/carson/autopilot_ws/build/libmavconn/CMakeFiles/CMakeTmp'
/usr/bin/cmake -E cmake_progress_report /home/carson/autopilot_ws/build/libmavconn/CMakeFiles/CMakeTmp/CMakeFiles 1
Building C object CMakeFiles/cmTryCompileExec2718523337.dir/CheckSymbolExists.c.o
/usr/bin/cc    -o CMakeFiles/cmTryCompileExec2718523337.dir/CheckSymbolExists.c.o   -c /home/carson/autopilot_ws/build/libmavconn/CMakeFiles/CMakeTmp/CheckSymbolExists.c
Linking C executable cmTryCompileExec2718523337
/usr/bin/cmake -E cmake_link_script CMakeFiles/cmTryCompileExec2718523337.dir/link.txt --verbose=1
/usr/bin/cc       CMakeFiles/cmTryCompileExec2718523337.dir/CheckSymbolExists.c.o  -o cmTryCompileExec2718523337 -rdynamic 
CMakeFiles/cmTryCompileExec2718523337.dir/CheckSymbolExists.c.o: In function `main':
CheckSymbolExists.c:(.text+0x16): undefined reference to `pthread_create'
collect2: error: ld returned 1 exit status
make[1]: *** [cmTryCompileExec2718523337] Error 1
make[1]: Leaving directory `/home/carson/autopilot_ws/build/libmavconn/CMakeFiles/CMakeTmp'
make: *** [cmTryCompileExec2718523337/fast] Error 2

File /home/carson/autopilot_ws/build/libmavconn/CMakeFiles/CMakeTmp/CheckSymbolExists.c:
/* */
#include <pthread.h>

int main(int argc, char** argv)
{
  (void)argv;
#ifndef pthread_create
  return ((int*)(&pthread_create))[argc];
#else
  (void)argc;
  return 0;
#endif
}

Determining if the function pthread_create exists in the pthreads failed with the following output:
Change Dir: /home/carson/autopilot_ws/build/libmavconn/CMakeFiles/CMakeTmp

Run Build Command:/usr/bin/make "cmTryCompileExec1054176954/fast"
/usr/bin/make -f CMakeFiles/cmTryCompileExec1054176954.dir/build.make CMakeFiles/cmTryCompileExec1054176954.dir/build
make[1]: Entering directory `/home/carson/autopilot_ws/build/libmavconn/CMakeFiles/CMakeTmp'
/usr/bin/cmake -E cmake_progress_report /home/carson/autopilot_ws/build/libmavconn/CMakeFiles/CMakeTmp/CMakeFiles 1
Building C object CMakeFiles/cmTryCompileExec1054176954.dir/CheckFunctionExists.c.o
/usr/bin/cc   -DCHECK_FUNCTION_EXISTS=pthread_create   -o CMakeFiles/cmTryCompileExec1054176954.dir/CheckFunctionExists.c.o   -c /usr/share/cmake-2.8/Modules/CheckFunctionExists.c
Linking C executable cmTryCompileExec1054176954
/usr/bin/cmake -E cmake_link_script CMakeFiles/cmTryCompileExec1054176954.dir/link.txt --verbose=1
/usr/bin/cc   -DCHECK_FUNCTION_EXISTS=pthread_create    CMakeFiles/cmTryCompileExec1054176954.dir/CheckFunctionExists.c.o  -o cmTryCompileExec1054176954 -rdynamic -lpthreads 
/usr/bin/ld: cannot find -lpthreads
collect2: error: ld returned 1 exit status
make[1]: *** [cmTryCompileExec1054176954] Error 1
make[1]: Leaving directory `/home/carson/autopilot_ws/build/libmavconn/CMakeFiles/CMakeTmp'
make: *** [cmTryCompileExec1054176954/fast] Error 2


