Determining if the pthread_create exist failed with the following output:
Change Dir: /home/carson/autopilot_ws/build/mavros_msgs/CMakeFiles/CMakeTmp

Run Build Command:/usr/bin/make "cmTryCompileExec2083591250/fast"
/usr/bin/make -f CMakeFiles/cmTryCompileExec2083591250.dir/build.make CMakeFiles/cmTryCompileExec2083591250.dir/build
make[1]: Entering directory `/home/carson/autopilot_ws/build/mavros_msgs/CMakeFiles/CMakeTmp'
/usr/bin/cmake -E cmake_progress_report /home/carson/autopilot_ws/build/mavros_msgs/CMakeFiles/CMakeTmp/CMakeFiles 1
Building C object CMakeFiles/cmTryCompileExec2083591250.dir/CheckSymbolExists.c.o
/usr/bin/cc    -o CMakeFiles/cmTryCompileExec2083591250.dir/CheckSymbolExists.c.o   -c /home/carson/autopilot_ws/build/mavros_msgs/CMakeFiles/CMakeTmp/CheckSymbolExists.c
Linking C executable cmTryCompileExec2083591250
/usr/bin/cmake -E cmake_link_script CMakeFiles/cmTryCompileExec2083591250.dir/link.txt --verbose=1
/usr/bin/cc       CMakeFiles/cmTryCompileExec2083591250.dir/CheckSymbolExists.c.o  -o cmTryCompileExec2083591250 -rdynamic 
CMakeFiles/cmTryCompileExec2083591250.dir/CheckSymbolExists.c.o: In function `main':
CheckSymbolExists.c:(.text+0x16): undefined reference to `pthread_create'
collect2: error: ld returned 1 exit status
make[1]: Leaving directory `/home/carson/autopilot_ws/build/mavros_msgs/CMakeFiles/CMakeTmp'
make[1]: *** [cmTryCompileExec2083591250] Error 1
make: *** [cmTryCompileExec2083591250/fast] Error 2

File /home/carson/autopilot_ws/build/mavros_msgs/CMakeFiles/CMakeTmp/CheckSymbolExists.c:
/* */
#include <pthread.h>

int main(int argc, char** argv)
{
  (void)argv;
#ifndef pthread_create
  return ((int*)(&pthread_create))[argc];
#else
  (void)argc;
  return 0;
#endif
}

Determining if the function pthread_create exists in the pthreads failed with the following output:
Change Dir: /home/carson/autopilot_ws/build/mavros_msgs/CMakeFiles/CMakeTmp

Run Build Command:/usr/bin/make "cmTryCompileExec251234525/fast"
/usr/bin/make -f CMakeFiles/cmTryCompileExec251234525.dir/build.make CMakeFiles/cmTryCompileExec251234525.dir/build
make[1]: Entering directory `/home/carson/autopilot_ws/build/mavros_msgs/CMakeFiles/CMakeTmp'
/usr/bin/cmake -E cmake_progress_report /home/carson/autopilot_ws/build/mavros_msgs/CMakeFiles/CMakeTmp/CMakeFiles 1
Building C object CMakeFiles/cmTryCompileExec251234525.dir/CheckFunctionExists.c.o
/usr/bin/cc   -DCHECK_FUNCTION_EXISTS=pthread_create   -o CMakeFiles/cmTryCompileExec251234525.dir/CheckFunctionExists.c.o   -c /usr/share/cmake-2.8/Modules/CheckFunctionExists.c
Linking C executable cmTryCompileExec251234525
/usr/bin/cmake -E cmake_link_script CMakeFiles/cmTryCompileExec251234525.dir/link.txt --verbose=1
/usr/bin/cc   -DCHECK_FUNCTION_EXISTS=pthread_create    CMakeFiles/cmTryCompileExec251234525.dir/CheckFunctionExists.c.o  -o cmTryCompileExec251234525 -rdynamic -lpthreads 
/usr/bin/ld: cannot find -lpthreads
collect2: error: ld returned 1 exit status
make[1]: Leaving directory `/home/carson/autopilot_ws/build/mavros_msgs/CMakeFiles/CMakeTmp'
make[1]: *** [cmTryCompileExec251234525] Error 1
make: *** [cmTryCompileExec251234525/fast] Error 2


